0 info it worked if it ends with ok
1 verbose cli [ 'C:\\Program Files\\nodejs\\node.exe',
1 verbose cli   'C:\\Program Files\\nodejs\\node_modules\\npm\\bin\\npm-cli.js',
1 verbose cli   'install',
1 verbose cli   'mongodb@3.4.5' ]
2 info using npm@3.10.10
3 info using node@v6.10.3
4 silly loadCurrentTree Starting
5 silly install loadCurrentTree
6 silly install readLocalPackageData
7 silly fetchPackageMetaData mongodb@3.4.5
8 silly fetchNamedPackageData mongodb
9 silly mapToRegistry name mongodb
10 silly mapToRegistry using default registry
11 silly mapToRegistry registry https://registry.npmjs.org/
12 silly mapToRegistry data Result {
12 silly mapToRegistry   raw: 'mongodb',
12 silly mapToRegistry   scope: null,
12 silly mapToRegistry   escapedName: 'mongodb',
12 silly mapToRegistry   name: 'mongodb',
12 silly mapToRegistry   rawSpec: '',
12 silly mapToRegistry   spec: 'latest',
12 silly mapToRegistry   type: 'tag' }
13 silly mapToRegistry uri https://registry.npmjs.org/mongodb
14 verbose request uri https://registry.npmjs.org/mongodb
15 verbose request no auth needed
16 info attempt registry request try #1 at 5:26:12 PM
17 verbose request id 7679de0ea595cbfa
18 verbose etag W/"59497139-9817b"
19 verbose lastModified Tue, 20 Jun 2017 19:02:17 GMT
20 http request GET https://registry.npmjs.org/mongodb
21 http 304 https://registry.npmjs.org/mongodb
22 verbose headers { date: 'Sun, 25 Jun 2017 21:26:12 GMT',
22 verbose headers   via: '1.1 varnish',
22 verbose headers   'cache-control': 'max-age=300',
22 verbose headers   etag: 'W/"59497139-9817b"',
22 verbose headers   age: '257',
22 verbose headers   connection: 'keep-alive',
22 verbose headers   'x-served-by': 'cache-iad2634-IAD',
22 verbose headers   'x-cache': 'HIT',
22 verbose headers   'x-cache-hits': '1',
22 verbose headers   'x-timer': 'S1498425972.270712,VS0,VE1',
22 verbose headers   vary: 'Accept-Encoding' }
23 silly get cb [ 304,
23 silly get   { date: 'Sun, 25 Jun 2017 21:26:12 GMT',
23 silly get     via: '1.1 varnish',
23 silly get     'cache-control': 'max-age=300',
23 silly get     etag: 'W/"59497139-9817b"',
23 silly get     age: '257',
23 silly get     connection: 'keep-alive',
23 silly get     'x-served-by': 'cache-iad2634-IAD',
23 silly get     'x-cache': 'HIT',
23 silly get     'x-cache-hits': '1',
23 silly get     'x-timer': 'S1498425972.270712,VS0,VE1',
23 silly get     vary: 'Accept-Encoding' } ]
24 verbose etag https://registry.npmjs.org/mongodb from cache
25 verbose get saving mongodb to C:\Users\athad\AppData\Roaming\npm-cache\registry.npmjs.org\mongodb\.cache.json
26 verbose correctMkdir C:\Users\athad\AppData\Roaming\npm-cache correctMkdir not in flight; initializing
27 silly fetchNamedPackageData No valid target from cache, forcing network
28 verbose request uri https://registry.npmjs.org/mongodb
29 verbose request no auth needed
30 info attempt registry request try #1 at 5:26:13 PM
31 http request GET https://registry.npmjs.org/mongodb
32 http 200 https://registry.npmjs.org/mongodb
33 verbose headers { server: 'nginx/1.10.1',
33 verbose headers   'content-type': 'application/json',
33 verbose headers   'last-modified': 'Tue, 20 Jun 2017 19:02:17 GMT',
33 verbose headers   etag: 'W/"59497139-9817b"',
33 verbose headers   'content-encoding': 'gzip',
33 verbose headers   'cache-control': 'max-age=300',
33 verbose headers   'content-length': '36011',
33 verbose headers   'accept-ranges': 'bytes',
33 verbose headers   date: 'Sun, 25 Jun 2017 21:26:12 GMT',
33 verbose headers   via: '1.1 varnish',
33 verbose headers   age: '257',
33 verbose headers   connection: 'keep-alive',
33 verbose headers   'x-served-by': 'cache-iad2634-IAD',
33 verbose headers   'x-cache': 'HIT',
33 verbose headers   'x-cache-hits': '2',
33 verbose headers   'x-timer': 'S1498425972.420354,VS0,VE0',
33 verbose headers   vary: 'Accept-Encoding' }
34 silly get cb [ 200,
34 silly get   { server: 'nginx/1.10.1',
34 silly get     'content-type': 'application/json',
34 silly get     'last-modified': 'Tue, 20 Jun 2017 19:02:17 GMT',
34 silly get     etag: 'W/"59497139-9817b"',
34 silly get     'content-encoding': 'gzip',
34 silly get     'cache-control': 'max-age=300',
34 silly get     'content-length': '36011',
34 silly get     'accept-ranges': 'bytes',
34 silly get     date: 'Sun, 25 Jun 2017 21:26:12 GMT',
34 silly get     via: '1.1 varnish',
34 silly get     age: '257',
34 silly get     connection: 'keep-alive',
34 silly get     'x-served-by': 'cache-iad2634-IAD',
34 silly get     'x-cache': 'HIT',
34 silly get     'x-cache-hits': '2',
34 silly get     'x-timer': 'S1498425972.420354,VS0,VE0',
34 silly get     vary: 'Accept-Encoding' } ]
35 verbose get saving mongodb to C:\Users\athad\AppData\Roaming\npm-cache\registry.npmjs.org\mongodb\.cache.json
36 verbose correctMkdir C:\Users\athad\AppData\Roaming\npm-cache correctMkdir not in flight; initializing
37 silly fetchPackageMetaData Error: No compatible version found: mongodb@3.4.5
37 silly fetchPackageMetaData Valid install targets:
37 silly fetchPackageMetaData 2.2.29, 2.2.28, 2.2.27, 2.2.26, 2.2.25, 2.2.24, 2.2.23, 2.2.22, 2.2.21, 2.2.20, 2.2.19, 2.2.18, 2.2.17, 2.2.16, 2.2.15, 2.2.14, 2.2.13, 2.2.12, 2.2.11, 2.2.10, 2.2.9, 2.2.8, 2.2.7, 2.2.6, 2.2.5, 2.2.4, 2.2.3, 2.2.2, 2.2.1, 2.2.0, 2.2.0-alpha2, 2.2.0-alpha1, 2.1.22-alpha4, 2.1.22-alpha3, 2.1.22-alpha2, 2.1.22-alpha, 2.1.21, 2.1.20, 2.1.19, 2.1.18, 2.1.17, 2.1.16, 2.1.15, 2.1.14, 2.1.13, 2.1.12, 2.1.11, 2.1.10, 2.1.9, 2.1.8, 2.1.7, 2.1.6, 2.1.5, 2.1.4, 2.1.3, 2.1.2, 2.1.1, 2.1.0, 2.1.0-rc1, 2.1.0-alpha, 2.0.55, 2.0.54, 2.0.53, 2.0.52, 2.0.51, 2.0.50, 2.0.49, 2.0.48, 2.0.47, 2.0.46, 2.0.45, 2.0.44, 2.0.43, 2.0.42, 2.0.41, 2.0.40, 2.0.39, 2.0.38, 2.0.37, 2.0.36, 2.0.35, 2.0.34, 2.0.33, 2.0.32, 2.0.31, 2.0.30, 2.0.29, 2.0.28, 2.0.27, 2.0.26, 2.0.25, 2.0.24, 2.0.23, 2.0.22, 2.0.21, 2.0.20, 2.0.19, 2.0.18, 2.0.17, 2.0.16, 2.0.15, 2.0.14, 2.0.13, 2.0.12, 2.0.11, 2.0.10, 2.0.9, 2.0.8, 2.0.7, 2.0.6, 2.0.5, 2.0.4, 2.0.3, 2.0.2, 2.0.1, 2.0.0, 2.0.0-alpha2, 2.0.0-alpha1, 1.4.40, 1.4.39, 1.4.38, 1.4.37, 1.4.36, 1.4.35, 1.4.34, 1.4.33, 1.4.32, 1.4.31, 1.4.30, 1.4.29, 1.4.28, 1.4.27, 1.4.26, 1.4.25, 1.4.24, 1.4.23, 1.4.22, 1.4.20, 1.4.19, 1.4.18, 1.4.17, 1.4.16, 1.4.15, 1.4.14, 1.4.12, 1.4.11, 1.4.10, 1.4.9, 1.4.8, 1.4.7, 1.4.6, 1.4.5, 1.4.4, 1.4.3, 1.4.2, 1.4.1, 1.4.0, 1.4.0-rc9, 1.4.0-rc8, 1.4.0-rc7, 1.4.0-rc6, 1.4.0-rc5, 1.4.0-rc4, 1.4.0-rc3, 1.4.0-rc2, 1.4.0-rc10, 1.3.23, 1.3.22, 1.3.21, 1.3.20, 1.3.19, 1.3.18, 1.3.17, 1.3.15, 1.3.14, 1.3.12, 1.3.11, 1.3.10, 1.3.9, 1.3.8, 1.3.7, 1.3.6, 1.3.5, 1.3.4, 1.3.3, 1.3.2, 1.3.1, 1.3.0, 1.2.14, 1.2.13, 1.2.12, 1.2.11, 1.2.10, 1.2.9, 1.2.8, 1.2.7, 1.2.6, 1.2.5, 1.2.4, 1.2.3, 1.2.2, 1.2.1, 1.2.0, 1.1.11, 1.1.10, 1.1.9, 1.1.8, 1.1.7, 1.1.6, 1.1.5, 1.1.4, 1.1.3, 1.1.2, 1.1.1, 1.1.0, 1.1.0-beta, 1.0.2, 1.0.1, 1.0.0, 0.9.9, 0.9.9-8, 0.9.9-7, 0.9.9-6, 0.9.9-5, 0.9.9-4, 0.9.9-3, 0.9.9-2, 0.9.9-1, 0.9.8, 0.9.8-7, 0.9.8-6, 0.9.8-5, 0.9.8-4, 0.9.8-3, 0.9.8-2, 0.9.8-1, 0.9.7, 0.9.7-3-5, 0.9.7-3-4, 0.9.7-3-3, 0.9.7-3-2, 0.9.7-3-1, 0.9.7-2-5, 0.9.7-2-4, 0.9.7-2-3, 0.9.7-2-2, 0.9.7-2-1, 0.9.7-3, 0.9.7-2, 0.9.7-1.4, 0.9.7-1.3, 0.9.7-1.2, 0.9.7-1.1, 0.9.7-1, 0.9.7-0, 0.9.6-23, 0.9.6-22, 0.9.6-21, 0.9.6-20, 0.9.6-19, 0.9.6-18, 0.9.6-17, 0.9.6-16, 0.9.6-15, 0.9.6-14, 0.9.6-13, 0.9.6-12, 0.9.6-11, 0.9.6-10, 0.9.6-9, 0.9.6-8, 0.9.6-7, 0.9.4, 0.9.4-4, 0.9.3, 0.9.2, 0.9.1
37 silly fetchPackageMetaData
37 silly fetchPackageMetaData     at pickVersionFromRegistryDocument (C:\Program Files\nodejs\node_modules\npm\lib\fetch-package-metadata.js:178:16)
37 silly fetchPackageMetaData     at C:\Program Files\nodejs\node_modules\npm\node_modules\iferr\index.js:13:50
37 silly fetchPackageMetaData     at C:\Program Files\nodejs\node_modules\npm\lib\utils\pulse-till-done.js:20:8
37 silly fetchPackageMetaData     at saved (C:\Program Files\nodejs\node_modules\npm\lib\cache\caching-client.js:174:7)
37 silly fetchPackageMetaData     at C:\Program Files\nodejs\node_modules\npm\node_modules\graceful-fs\polyfills.js:241:18
37 silly fetchPackageMetaData     at FSReqWrap.oncomplete (fs.js:123:15)
37 silly fetchPackageMetaData  error for mongodb@3.4.5 { Error: No compatible version found: mongodb@3.4.5
37 silly fetchPackageMetaData Valid install targets:
37 silly fetchPackageMetaData 2.2.29, 2.2.28, 2.2.27, 2.2.26, 2.2.25, 2.2.24, 2.2.23, 2.2.22, 2.2.21, 2.2.20, 2.2.19, 2.2.18, 2.2.17, 2.2.16, 2.2.15, 2.2.14, 2.2.13, 2.2.12, 2.2.11, 2.2.10, 2.2.9, 2.2.8, 2.2.7, 2.2.6, 2.2.5, 2.2.4, 2.2.3, 2.2.2, 2.2.1, 2.2.0, 2.2.0-alpha2, 2.2.0-alpha1, 2.1.22-alpha4, 2.1.22-alpha3, 2.1.22-alpha2, 2.1.22-alpha, 2.1.21, 2.1.20, 2.1.19, 2.1.18, 2.1.17, 2.1.16, 2.1.15, 2.1.14, 2.1.13, 2.1.12, 2.1.11, 2.1.10, 2.1.9, 2.1.8, 2.1.7, 2.1.6, 2.1.5, 2.1.4, 2.1.3, 2.1.2, 2.1.1, 2.1.0, 2.1.0-rc1, 2.1.0-alpha, 2.0.55, 2.0.54, 2.0.53, 2.0.52, 2.0.51, 2.0.50, 2.0.49, 2.0.48, 2.0.47, 2.0.46, 2.0.45, 2.0.44, 2.0.43, 2.0.42, 2.0.41, 2.0.40, 2.0.39, 2.0.38, 2.0.37, 2.0.36, 2.0.35, 2.0.34, 2.0.33, 2.0.32, 2.0.31, 2.0.30, 2.0.29, 2.0.28, 2.0.27, 2.0.26, 2.0.25, 2.0.24, 2.0.23, 2.0.22, 2.0.21, 2.0.20, 2.0.19, 2.0.18, 2.0.17, 2.0.16, 2.0.15, 2.0.14, 2.0.13, 2.0.12, 2.0.11, 2.0.10, 2.0.9, 2.0.8, 2.0.7, 2.0.6, 2.0.5, 2.0.4, 2.0.3, 2.0.2, 2.0.1, 2.0.0, 2.0.0-alpha2, 2.0.0-alpha1, 1.4.40, 1.4.39, 1.4.38, 1.4.37, 1.4.36, 1.4.35, 1.4.34, 1.4.33, 1.4.32, 1.4.31, 1.4.30, 1.4.29, 1.4.28, 1.4.27, 1.4.26, 1.4.25, 1.4.24, 1.4.23, 1.4.22, 1.4.20, 1.4.19, 1.4.18, 1.4.17, 1.4.16, 1.4.15, 1.4.14, 1.4.12, 1.4.11, 1.4.10, 1.4.9, 1.4.8, 1.4.7, 1.4.6, 1.4.5, 1.4.4, 1.4.3, 1.4.2, 1.4.1, 1.4.0, 1.4.0-rc9, 1.4.0-rc8, 1.4.0-rc7, 1.4.0-rc6, 1.4.0-rc5, 1.4.0-rc4, 1.4.0-rc3, 1.4.0-rc2, 1.4.0-rc10, 1.3.23, 1.3.22, 1.3.21, 1.3.20, 1.3.19, 1.3.18, 1.3.17, 1.3.15, 1.3.14, 1.3.12, 1.3.11, 1.3.10, 1.3.9, 1.3.8, 1.3.7, 1.3.6, 1.3.5, 1.3.4, 1.3.3, 1.3.2, 1.3.1, 1.3.0, 1.2.14, 1.2.13, 1.2.12, 1.2.11, 1.2.10, 1.2.9, 1.2.8, 1.2.7, 1.2.6, 1.2.5, 1.2.4, 1.2.3, 1.2.2, 1.2.1, 1.2.0, 1.1.11, 1.1.10, 1.1.9, 1.1.8, 1.1.7, 1.1.6, 1.1.5, 1.1.4, 1.1.3, 1.1.2, 1.1.1, 1.1.0, 1.1.0-beta, 1.0.2, 1.0.1, 1.0.0, 0.9.9, 0.9.9-8, 0.9.9-7, 0.9.9-6, 0.9.9-5, 0.9.9-4, 0.9.9-3, 0.9.9-2, 0.9.9-1, 0.9.8, 0.9.8-7, 0.9.8-6, 0.9.8-5, 0.9.8-4, 0.9.8-3, 0.9.8-2, 0.9.8-1, 0.9.7, 0.9.7-3-5, 0.9.7-3-4, 0.9.7-3-3, 0.9.7-3-2, 0.9.7-3-1, 0.9.7-2-5, 0.9.7-2-4, 0.9.7-2-3, 0.9.7-2-2, 0.9.7-2-1, 0.9.7-3, 0.9.7-2, 0.9.7-1.4, 0.9.7-1.3, 0.9.7-1.2, 0.9.7-1.1, 0.9.7-1, 0.9.7-0, 0.9.6-23, 0.9.6-22, 0.9.6-21, 0.9.6-20, 0.9.6-19, 0.9.6-18, 0.9.6-17, 0.9.6-16, 0.9.6-15, 0.9.6-14, 0.9.6-13, 0.9.6-12, 0.9.6-11, 0.9.6-10, 0.9.6-9, 0.9.6-8, 0.9.6-7, 0.9.4, 0.9.4-4, 0.9.3, 0.9.2, 0.9.1
37 silly fetchPackageMetaData
37 silly fetchPackageMetaData     at pickVersionFromRegistryDocument (C:\Program Files\nodejs\node_modules\npm\lib\fetch-package-metadata.js:178:16)
37 silly fetchPackageMetaData     at C:\Program Files\nodejs\node_modules\npm\node_modules\iferr\index.js:13:50
37 silly fetchPackageMetaData     at C:\Program Files\nodejs\node_modules\npm\lib\utils\pulse-till-done.js:20:8
37 silly fetchPackageMetaData     at saved (C:\Program Files\nodejs\node_modules\npm\lib\cache\caching-client.js:174:7)
37 silly fetchPackageMetaData     at C:\Program Files\nodejs\node_modules\npm\node_modules\graceful-fs\polyfills.js:241:18
37 silly fetchPackageMetaData     at FSReqWrap.oncomplete (fs.js:123:15) code: 'ETARGET' }
38 silly rollbackFailedOptional Starting
39 silly rollbackFailedOptional Finishing
40 silly runTopLevelLifecycles Finishing
41 silly install printInstalled
42 verbose stack Error: No compatible version found: mongodb@3.4.5
42 verbose stack Valid install targets:
42 verbose stack 2.2.29, 2.2.28, 2.2.27, 2.2.26, 2.2.25, 2.2.24, 2.2.23, 2.2.22, 2.2.21, 2.2.20, 2.2.19, 2.2.18, 2.2.17, 2.2.16, 2.2.15, 2.2.14, 2.2.13, 2.2.12, 2.2.11, 2.2.10, 2.2.9, 2.2.8, 2.2.7, 2.2.6, 2.2.5, 2.2.4, 2.2.3, 2.2.2, 2.2.1, 2.2.0, 2.2.0-alpha2, 2.2.0-alpha1, 2.1.22-alpha4, 2.1.22-alpha3, 2.1.22-alpha2, 2.1.22-alpha, 2.1.21, 2.1.20, 2.1.19, 2.1.18, 2.1.17, 2.1.16, 2.1.15, 2.1.14, 2.1.13, 2.1.12, 2.1.11, 2.1.10, 2.1.9, 2.1.8, 2.1.7, 2.1.6, 2.1.5, 2.1.4, 2.1.3, 2.1.2, 2.1.1, 2.1.0, 2.1.0-rc1, 2.1.0-alpha, 2.0.55, 2.0.54, 2.0.53, 2.0.52, 2.0.51, 2.0.50, 2.0.49, 2.0.48, 2.0.47, 2.0.46, 2.0.45, 2.0.44, 2.0.43, 2.0.42, 2.0.41, 2.0.40, 2.0.39, 2.0.38, 2.0.37, 2.0.36, 2.0.35, 2.0.34, 2.0.33, 2.0.32, 2.0.31, 2.0.30, 2.0.29, 2.0.28, 2.0.27, 2.0.26, 2.0.25, 2.0.24, 2.0.23, 2.0.22, 2.0.21, 2.0.20, 2.0.19, 2.0.18, 2.0.17, 2.0.16, 2.0.15, 2.0.14, 2.0.13, 2.0.12, 2.0.11, 2.0.10, 2.0.9, 2.0.8, 2.0.7, 2.0.6, 2.0.5, 2.0.4, 2.0.3, 2.0.2, 2.0.1, 2.0.0, 2.0.0-alpha2, 2.0.0-alpha1, 1.4.40, 1.4.39, 1.4.38, 1.4.37, 1.4.36, 1.4.35, 1.4.34, 1.4.33, 1.4.32, 1.4.31, 1.4.30, 1.4.29, 1.4.28, 1.4.27, 1.4.26, 1.4.25, 1.4.24, 1.4.23, 1.4.22, 1.4.20, 1.4.19, 1.4.18, 1.4.17, 1.4.16, 1.4.15, 1.4.14, 1.4.12, 1.4.11, 1.4.10, 1.4.9, 1.4.8, 1.4.7, 1.4.6, 1.4.5, 1.4.4, 1.4.3, 1.4.2, 1.4.1, 1.4.0, 1.4.0-rc9, 1.4.0-rc8, 1.4.0-rc7, 1.4.0-rc6, 1.4.0-rc5, 1.4.0-rc4, 1.4.0-rc3, 1.4.0-rc2, 1.4.0-rc10, 1.3.23, 1.3.22, 1.3.21, 1.3.20, 1.3.19, 1.3.18, 1.3.17, 1.3.15, 1.3.14, 1.3.12, 1.3.11, 1.3.10, 1.3.9, 1.3.8, 1.3.7, 1.3.6, 1.3.5, 1.3.4, 1.3.3, 1.3.2, 1.3.1, 1.3.0, 1.2.14, 1.2.13, 1.2.12, 1.2.11, 1.2.10, 1.2.9, 1.2.8, 1.2.7, 1.2.6, 1.2.5, 1.2.4, 1.2.3, 1.2.2, 1.2.1, 1.2.0, 1.1.11, 1.1.10, 1.1.9, 1.1.8, 1.1.7, 1.1.6, 1.1.5, 1.1.4, 1.1.3, 1.1.2, 1.1.1, 1.1.0, 1.1.0-beta, 1.0.2, 1.0.1, 1.0.0, 0.9.9, 0.9.9-8, 0.9.9-7, 0.9.9-6, 0.9.9-5, 0.9.9-4, 0.9.9-3, 0.9.9-2, 0.9.9-1, 0.9.8, 0.9.8-7, 0.9.8-6, 0.9.8-5, 0.9.8-4, 0.9.8-3, 0.9.8-2, 0.9.8-1, 0.9.7, 0.9.7-3-5, 0.9.7-3-4, 0.9.7-3-3, 0.9.7-3-2, 0.9.7-3-1, 0.9.7-2-5, 0.9.7-2-4, 0.9.7-2-3, 0.9.7-2-2, 0.9.7-2-1, 0.9.7-3, 0.9.7-2, 0.9.7-1.4, 0.9.7-1.3, 0.9.7-1.2, 0.9.7-1.1, 0.9.7-1, 0.9.7-0, 0.9.6-23, 0.9.6-22, 0.9.6-21, 0.9.6-20, 0.9.6-19, 0.9.6-18, 0.9.6-17, 0.9.6-16, 0.9.6-15, 0.9.6-14, 0.9.6-13, 0.9.6-12, 0.9.6-11, 0.9.6-10, 0.9.6-9, 0.9.6-8, 0.9.6-7, 0.9.4, 0.9.4-4, 0.9.3, 0.9.2, 0.9.1
42 verbose stack
42 verbose stack     at pickVersionFromRegistryDocument (C:\Program Files\nodejs\node_modules\npm\lib\fetch-package-metadata.js:178:16)
42 verbose stack     at C:\Program Files\nodejs\node_modules\npm\node_modules\iferr\index.js:13:50
42 verbose stack     at C:\Program Files\nodejs\node_modules\npm\lib\utils\pulse-till-done.js:20:8
42 verbose stack     at saved (C:\Program Files\nodejs\node_modules\npm\lib\cache\caching-client.js:174:7)
42 verbose stack     at C:\Program Files\nodejs\node_modules\npm\node_modules\graceful-fs\polyfills.js:241:18
42 verbose stack     at FSReqWrap.oncomplete (fs.js:123:15)
43 verbose cwd C:\Users\athad\Desktop\tareek\RememberThat
44 error Windows_NT 10.0.15063
45 error argv "C:\\Program Files\\nodejs\\node.exe" "C:\\Program Files\\nodejs\\node_modules\\npm\\bin\\npm-cli.js" "install" "mongodb@3.4.5"
46 error node v6.10.3
47 error npm  v3.10.10
48 error code ETARGET
49 error notarget No compatible version found: mongodb@3.4.5
49 error notarget Valid install targets:
49 error notarget 2.2.29, 2.2.28, 2.2.27, 2.2.26, 2.2.25, 2.2.24, 2.2.23, 2.2.22, 2.2.21, 2.2.20, 2.2.19, 2.2.18, 2.2.17, 2.2.16, 2.2.15, 2.2.14, 2.2.13, 2.2.12, 2.2.11, 2.2.10, 2.2.9, 2.2.8, 2.2.7, 2.2.6, 2.2.5, 2.2.4, 2.2.3, 2.2.2, 2.2.1, 2.2.0, 2.2.0-alpha2, 2.2.0-alpha1, 2.1.22-alpha4, 2.1.22-alpha3, 2.1.22-alpha2, 2.1.22-alpha, 2.1.21, 2.1.20, 2.1.19, 2.1.18, 2.1.17, 2.1.16, 2.1.15, 2.1.14, 2.1.13, 2.1.12, 2.1.11, 2.1.10, 2.1.9, 2.1.8, 2.1.7, 2.1.6, 2.1.5, 2.1.4, 2.1.3, 2.1.2, 2.1.1, 2.1.0, 2.1.0-rc1, 2.1.0-alpha, 2.0.55, 2.0.54, 2.0.53, 2.0.52, 2.0.51, 2.0.50, 2.0.49, 2.0.48, 2.0.47, 2.0.46, 2.0.45, 2.0.44, 2.0.43, 2.0.42, 2.0.41, 2.0.40, 2.0.39, 2.0.38, 2.0.37, 2.0.36, 2.0.35, 2.0.34, 2.0.33, 2.0.32, 2.0.31, 2.0.30, 2.0.29, 2.0.28, 2.0.27, 2.0.26, 2.0.25, 2.0.24, 2.0.23, 2.0.22, 2.0.21, 2.0.20, 2.0.19, 2.0.18, 2.0.17, 2.0.16, 2.0.15, 2.0.14, 2.0.13, 2.0.12, 2.0.11, 2.0.10, 2.0.9, 2.0.8, 2.0.7, 2.0.6, 2.0.5, 2.0.4, 2.0.3, 2.0.2, 2.0.1, 2.0.0, 2.0.0-alpha2, 2.0.0-alpha1, 1.4.40, 1.4.39, 1.4.38, 1.4.37, 1.4.36, 1.4.35, 1.4.34, 1.4.33, 1.4.32, 1.4.31, 1.4.30, 1.4.29, 1.4.28, 1.4.27, 1.4.26, 1.4.25, 1.4.24, 1.4.23, 1.4.22, 1.4.20, 1.4.19, 1.4.18, 1.4.17, 1.4.16, 1.4.15, 1.4.14, 1.4.12, 1.4.11, 1.4.10, 1.4.9, 1.4.8, 1.4.7, 1.4.6, 1.4.5, 1.4.4, 1.4.3, 1.4.2, 1.4.1, 1.4.0, 1.4.0-rc9, 1.4.0-rc8, 1.4.0-rc7, 1.4.0-rc6, 1.4.0-rc5, 1.4.0-rc4, 1.4.0-rc3, 1.4.0-rc2, 1.4.0-rc10, 1.3.23, 1.3.22, 1.3.21, 1.3.20, 1.3.19, 1.3.18, 1.3.17, 1.3.15, 1.3.14, 1.3.12, 1.3.11, 1.3.10, 1.3.9, 1.3.8, 1.3.7, 1.3.6, 1.3.5, 1.3.4, 1.3.3, 1.3.2, 1.3.1, 1.3.0, 1.2.14, 1.2.13, 1.2.12, 1.2.11, 1.2.10, 1.2.9, 1.2.8, 1.2.7, 1.2.6, 1.2.5, 1.2.4, 1.2.3, 1.2.2, 1.2.1, 1.2.0, 1.1.11, 1.1.10, 1.1.9, 1.1.8, 1.1.7, 1.1.6, 1.1.5, 1.1.4, 1.1.3, 1.1.2, 1.1.1, 1.1.0, 1.1.0-beta, 1.0.2, 1.0.1, 1.0.0, 0.9.9, 0.9.9-8, 0.9.9-7, 0.9.9-6, 0.9.9-5, 0.9.9-4, 0.9.9-3, 0.9.9-2, 0.9.9-1, 0.9.8, 0.9.8-7, 0.9.8-6, 0.9.8-5, 0.9.8-4, 0.9.8-3, 0.9.8-2, 0.9.8-1, 0.9.7, 0.9.7-3-5, 0.9.7-3-4, 0.9.7-3-3, 0.9.7-3-2, 0.9.7-3-1, 0.9.7-2-5, 0.9.7-2-4, 0.9.7-2-3, 0.9.7-2-2, 0.9.7-2-1, 0.9.7-3, 0.9.7-2, 0.9.7-1.4, 0.9.7-1.3, 0.9.7-1.2, 0.9.7-1.1, 0.9.7-1, 0.9.7-0, 0.9.6-23, 0.9.6-22, 0.9.6-21, 0.9.6-20, 0.9.6-19, 0.9.6-18, 0.9.6-17, 0.9.6-16, 0.9.6-15, 0.9.6-14, 0.9.6-13, 0.9.6-12, 0.9.6-11, 0.9.6-10, 0.9.6-9, 0.9.6-8, 0.9.6-7, 0.9.4, 0.9.4-4, 0.9.3, 0.9.2, 0.9.1
50 error notarget This is most likely not a problem with npm itself.
50 error notarget In most cases you or one of your dependencies are requesting
50 error notarget a package version that doesn't exist.
51 verbose exit [ 1, true ]
